2016-04-13 10:56:41,163 - Log4JLogChute initialized using file 'velocity.log'
2016-04-13 10:56:41,164 - Initializing Velocity, Calling init()...
2016-04-13 10:56:41,164 - Starting Apache Velocity v1.7 (compiled: 2010-11-19 12:14:37)
2016-04-13 10:56:41,164 - Default Properties File: org\apache\velocity\runtime\defaults\velocity.properties
2016-04-13 10:56:41,164 - Trying to use logger class org.apache.velocity.runtime.log.AvalonLogChute
2016-04-13 10:56:41,164 - Target log system for org.apache.velocity.runtime.log.AvalonLogChute is not available (java.lang.NoClassDefFoundError: org/apache/log/format/Formatter).  Falling back to next log system...
2016-04-13 10:56:41,164 - Trying to use logger class org.apache.velocity.runtime.log.Log4JLogChute
2016-04-13 10:56:41,164 - Using logger class org.apache.velocity.runtime.log.Log4JLogChute
2016-04-13 10:56:41,172 - ResourceLoader instantiated: org.apache.velocity.runtime.resource.loader.ClasspathResourceLoader
2016-04-13 10:56:41,231 - ResourceCache: initialized (class org.apache.velocity.runtime.resource.ResourceCacheImpl) with class java.util.Collections$SynchronizedMap cache map.
2016-04-13 10:56:41,233 - Loaded System Directive: org.apache.velocity.runtime.directive.Stop
2016-04-13 10:56:41,234 - Loaded System Directive: org.apache.velocity.runtime.directive.Define
2016-04-13 10:56:41,235 - Loaded System Directive: org.apache.velocity.runtime.directive.Break
2016-04-13 10:56:41,237 - Loaded System Directive: org.apache.velocity.runtime.directive.Evaluate
2016-04-13 10:56:41,238 - Loaded System Directive: org.apache.velocity.runtime.directive.Literal
2016-04-13 10:56:41,240 - Loaded System Directive: org.apache.velocity.runtime.directive.Macro
2016-04-13 10:56:41,244 - Loaded System Directive: org.apache.velocity.runtime.directive.Parse
2016-04-13 10:56:41,246 - Loaded System Directive: org.apache.velocity.runtime.directive.Include
2016-04-13 10:56:41,247 - Loaded System Directive: org.apache.velocity.runtime.directive.Foreach
2016-04-13 10:56:41,302 - Created '20' parsers.
2016-04-13 10:56:41,310 - Velocimacro : "velocimacro.library" is not set.  Trying default library: VM_global_library.vm
2016-04-13 10:56:41,311 - Could not load resource 'VM_global_library.vm' from ResourceLoader org.apache.velocity.runtime.resource.loader.ClasspathResourceLoader: ClasspathResourceLoader Error: cannot find resource VM_global_library.vm
2016-04-13 10:56:41,311 - Velocimacro : Default library not found.
2016-04-13 10:56:41,311 - Velocimacro : allowInline = true : VMs can be defined inline in templates
2016-04-13 10:56:41,311 - Velocimacro : allowInlineToOverride = false : VMs defined inline may NOT replace previous VM definitions
2016-04-13 10:56:41,311 - Velocimacro : allowInlineLocal = false : VMs defined inline will be global in scope if allowed.
2016-04-13 10:56:41,311 - Velocimacro : autoload off : VM system will not automatically reload global library macros
2016-04-13 10:56:41,333 - ResourceManager : found /template/domain.vm with loader org.apache.velocity.runtime.resource.loader.ClasspathResourceLoader
2016-04-13 10:56:41,455 - ResourceManager : found /template/mapper.vm with loader org.apache.velocity.runtime.resource.loader.ClasspathResourceLoader
2016-04-13 10:56:41,728 - ResourceManager : found /template/service.vm with loader org.apache.velocity.runtime.resource.loader.ClasspathResourceLoader
2016-04-13 10:56:41,767 - ResourceManager : found /template/action.vm with loader org.apache.velocity.runtime.resource.loader.ClasspathResourceLoader
2016-04-13 10:56:41,777 - ResourceManager : found /template/pageIndex.vm with loader org.apache.velocity.runtime.resource.loader.ClasspathResourceLoader
2016-04-13 10:56:41,902 - ResourceManager : found /template/pageAdd.vm with loader org.apache.velocity.runtime.resource.loader.ClasspathResourceLoader
2016-04-13 10:56:41,904 - Null reference [template '/template/pageAdd.vm', line 13, column 23] : ${base} cannot be resolved.
2016-04-13 10:56:41,934 - ResourceManager : found /template/pageEdit.vm with loader org.apache.velocity.runtime.resource.loader.ClasspathResourceLoader
2016-04-13 10:56:41,934 - Null reference [template '/template/pageEdit.vm', line 13, column 23] : ${base} cannot be resolved.
2016-04-13 10:56:42,035 - ResourceManager : found /template/domain.vm with loader org.apache.velocity.runtime.resource.loader.ClasspathResourceLoader
2016-04-13 10:56:42,053 - ResourceManager : found /template/mapper.vm with loader org.apache.velocity.runtime.resource.loader.ClasspathResourceLoader
2016-04-13 10:56:42,056 - ResourceManager : found /template/service.vm with loader org.apache.velocity.runtime.resource.loader.ClasspathResourceLoader
2016-04-13 10:56:42,059 - ResourceManager : found /template/action.vm with loader org.apache.velocity.runtime.resource.loader.ClasspathResourceLoader
2016-04-13 10:56:42,066 - ResourceManager : found /template/pageIndex.vm with loader org.apache.velocity.runtime.resource.loader.ClasspathResourceLoader
2016-04-13 10:56:42,076 - ResourceManager : found /template/pageAdd.vm with loader org.apache.velocity.runtime.resource.loader.ClasspathResourceLoader
2016-04-13 10:56:42,076 - Null reference [template '/template/pageAdd.vm', line 13, column 23] : ${base} cannot be resolved.
2016-04-13 10:56:42,082 - ResourceManager : found /template/pageEdit.vm with loader org.apache.velocity.runtime.resource.loader.ClasspathResourceLoader
2016-04-13 10:56:42,082 - Null reference [template '/template/pageEdit.vm', line 13, column 23] : ${base} cannot be resolved.
